C:\USERS\XU\DOCUMENTS\VISUAL STUDIO 2010\PROJECTS\GRABCUT\DEBUG\GRABCUT.EXE
C:\USERS\XU\DOCUMENTS\VISUAL STUDIO 2010\PROJECTS\GRABCUT\DEBUG\GRABCUT.ILK
C:\USERS\XU\DOCUMENTS\VISUAL STUDIO 2010\PROJECTS\GRABCUT\DEBUG\GRABCUT.PDB
C:\USERS\XU\DOCUMENTS\VISUAL STUDIO 2010\PROJECTS\GRABCUT\GRABCUT\DEBUG\AGMM.OBJ
C:\Users\xu\Documents\Visual Studio 2010\Projects\GrabCut\GrabCut\Debug\cl.command.1.tlog
C:\Users\xu\Documents\Visual Studio 2010\Projects\GrabCut\GrabCut\Debug\CL.read.1.tlog
C:\Users\xu\Documents\Visual Studio 2010\Projects\GrabCut\GrabCut\Debug\CL.write.1.tlog
C:\USERS\XU\DOCUMENTS\VISUAL STUDIO 2010\PROJECTS\GRABCUT\GRABCUT\DEBUG\CVVIMAGE.OBJ
C:\USERS\XU\DOCUMENTS\VISUAL STUDIO 2010\PROJECTS\GRABCUT\GRABCUT\DEBUG\FILTER.OBJ
C:\USERS\XU\DOCUMENTS\VISUAL STUDIO 2010\PROJECTS\GRABCUT\GRABCUT\DEBUG\GABOR.OBJ
C:\USERS\XU\DOCUMENTS\VISUAL STUDIO 2010\PROJECTS\GRABCUT\GRABCUT\DEBUG\GMM.OBJ
C:\USERS\XU\DOCUMENTS\VISUAL STUDIO 2010\PROJECTS\GRABCUT\GRABCUT\DEBUG\GMM_EX.OBJ
C:\USERS\XU\DOCUMENTS\VISUAL STUDIO 2010\PROJECTS\GRABCUT\GRABCUT\DEBUG\GMM_TENSOR.OBJ
C:\USERS\XU\DOCUMENTS\VISUAL STUDIO 2010\PROJECTS\GRABCUT\GRABCUT\DEBUG\GRABCUT.EXE.EMBED.MANIFEST
C:\USERS\XU\DOCUMENTS\VISUAL STUDIO 2010\PROJECTS\GRABCUT\GRABCUT\DEBUG\GRABCUT.EXE.EMBED.MANIFEST.RES
C:\USERS\XU\DOCUMENTS\VISUAL STUDIO 2010\PROJECTS\GRABCUT\GRABCUT\DEBUG\GRABCUT.EXE.INTERMEDIATE.MANIFEST
C:\USERS\XU\DOCUMENTS\VISUAL STUDIO 2010\PROJECTS\GRABCUT\GRABCUT\DEBUG\GRABCUT.OBJ
C:\USERS\XU\DOCUMENTS\VISUAL STUDIO 2010\PROJECTS\GRABCUT\GRABCUT\DEBUG\GRABCUT.PCH
C:\Users\xu\Documents\Visual Studio 2010\Projects\GrabCut\GrabCut\Debug\GrabCut.vcxprojResolveAssemblyReference.cache
C:\Users\xu\Documents\Visual Studio 2010\Projects\GrabCut\GrabCut\Debug\GrabCut.write.1.tlog
C:\Users\xu\Documents\Visual Studio 2010\Projects\GrabCut\GrabCut\Debug\GrabCut_manifest.rc
C:\USERS\XU\DOCUMENTS\VISUAL STUDIO 2010\PROJECTS\GRABCUT\GRABCUT\DEBUG\GRABCUTTOOL.OBJ
C:\USERS\XU\DOCUMENTS\VISUAL STUDIO 2010\PROJECTS\GRABCUT\GRABCUT\DEBUG\GRAPH.OBJ
C:\USERS\XU\DOCUMENTS\VISUAL STUDIO 2010\PROJECTS\GRABCUT\GRABCUT\DEBUG\HELPER.OBJ
C:\USERS\XU\DOCUMENTS\VISUAL STUDIO 2010\PROJECTS\GRABCUT\GRABCUT\DEBUG\IMAGEPROCESSING.OBJ
C:\Users\xu\Documents\Visual Studio 2010\Projects\GrabCut\GrabCut\Debug\link.10464.read.1.tlog
C:\Users\xu\Documents\Visual Studio 2010\Projects\GrabCut\GrabCut\Debug\link.10464.write.1.tlog
C:\Users\xu\Documents\Visual Studio 2010\Projects\GrabCut\GrabCut\Debug\link.10464-cvtres.read.1.tlog
C:\Users\xu\Documents\Visual Studio 2010\Projects\GrabCut\GrabCut\Debug\link.10464-cvtres.write.1.tlog
C:\Users\xu\Documents\Visual Studio 2010\Projects\GrabCut\GrabCut\Debug\link.command.1.tlog
C:\Users\xu\Documents\Visual Studio 2010\Projects\GrabCut\GrabCut\Debug\link.read.1.tlog
C:\Users\xu\Documents\Visual Studio 2010\Projects\GrabCut\GrabCut\Debug\link.write.1.tlog
C:\Users\xu\Documents\Visual Studio 2010\Projects\GrabCut\GrabCut\Debug\link-cvtres.read.1.tlog
C:\Users\xu\Documents\Visual Studio 2010\Projects\GrabCut\GrabCut\Debug\link-cvtres.write.1.tlog
C:\USERS\XU\DOCUMENTS\VISUAL STUDIO 2010\PROJECTS\GRABCUT\GRABCUT\DEBUG\MATRIX.OBJ
C:\USERS\XU\DOCUMENTS\VISUAL STUDIO 2010\PROJECTS\GRABCUT\GRABCUT\DEBUG\MAXFLOW.OBJ
C:\Users\xu\Documents\Visual Studio 2010\Projects\GrabCut\GrabCut\Debug\mt.command.1.tlog
C:\Users\xu\Documents\Visual Studio 2010\Projects\GrabCut\GrabCut\Debug\mt.read.1.tlog
C:\Users\xu\Documents\Visual Studio 2010\Projects\GrabCut\GrabCut\Debug\mt.write.1.tlog
C:\Users\xu\Documents\Visual Studio 2010\Projects\GrabCut\GrabCut\Debug\rc.command.1.tlog
C:\Users\xu\Documents\Visual Studio 2010\Projects\GrabCut\GrabCut\Debug\rc.read.1.tlog
C:\Users\xu\Documents\Visual Studio 2010\Projects\GrabCut\GrabCut\Debug\rc.write.1.tlog
C:\USERS\XU\DOCUMENTS\VISUAL STUDIO 2010\PROJECTS\GRABCUT\GRABCUT\DEBUG\STDAFX.OBJ
C:\USERS\XU\DOCUMENTS\VISUAL STUDIO 2010\PROJECTS\GRABCUT\GRABCUT\DEBUG\TENSOR.OBJ
C:\Users\xu\Documents\Visual Studio 2010\Projects\GrabCut\GrabCut\Debug\vc100.idb
C:\USERS\XU\DOCUMENTS\VISUAL STUDIO 2010\PROJECTS\GRABCUT\GRABCUT\DEBUG\VC100.PDB
C:\USERS\XU\DOCUMENTS\VISUAL STUDIO 2010\PROJECTS\GRABCUT\GRABCUT\DEBUG\VECTOR.OBJ
C:\USERS\XU\DOCUMENTS\VISUAL STUDIO 2010\PROJECTS\GRABCUT\GRABCUT\DEBUG\WAVELET.OBJ
