生成启动时间为 2015/9/23 10:14:55。
     1>项目“C:\Users\xu\Documents\Visual Studio 2010\Projects\GrabCut\GrabCut\GrabCut.vcxproj”在节点 2 上(build 个目标)。
     1>InitializeBuildStatus:
         正在创建“Debug\GrabCut.unsuccessfulbuild”，因为已指定“AlwaysCreate”。
       ClCompile:
         所有输出均为最新。
         C:\Program Files (x86)\Microsoft Visual Studio 10.0\VC\bin\CL.exe /c /ZI /nologo /W3 /WX- /Od /Oy- /D WIN32 /D _DEBUG /D _CONSOLE /D _UNICODE /D UNICODE /D _ATL_STATIC_REGISTRY /D _AFXDLL /Gm /EHsc /RTC1 /MDd /GS /fp:precise /Zc:wchar_t /Zc:forScope /Yu"StdAfx.h" /Fp"Debug\GrabCut.pch" /Fo"Debug\\" /Fd"Debug\vc100.pdb" /Gd /TP /analyze- /errorReport:prompt GrabCut.cpp GrabCutTool.cpp
         GrabCutTool.cpp
     1>c:\opencv\opencv\build\include\opencv2\flann\logger.h(66): warning C4996: 'fopen': This function or variable may be unsafe. Consider using fopen_s instead. To disable deprecation, use _CRT_SECURE_NO_WARNINGS. See online help for details.
                 c:\program files (x86)\microsoft visual studio 10.0\vc\include\stdio.h(234) : 参见“fopen”的声明
         GrabCut.cpp
     1>c:\opencv\opencv\build\include\opencv2\flann\logger.h(66): warning C4996: 'fopen': This function or variable may be unsafe. Consider using fopen_s instead. To disable deprecation, use _CRT_SECURE_NO_WARNINGS. See online help for details.
                 c:\program files (x86)\microsoft visual studio 10.0\vc\include\stdio.h(234) : 参见“fopen”的声明
         正在生成代码...
       ManifestResourceCompile:
         所有输出均为最新。
       Link:
         C:\Program Files (x86)\Microsoft Visual Studio 10.0\VC\bin\link.exe /ERRORREPORT:PROMPT /OUT:"C:\Users\xu\Documents\Visual Studio 2010\Projects\GrabCut\Debug\GrabCut.exe" /INCREMENTAL /NOLOGO opencv_calib3d249d.lib opencv_contrib249d.lib opencv_core249d.lib opencv_features2d249d.lib opencv_flann249d.lib opencv_calib3d249.lib opencv_contrib249.lib opencv_core249.lib opencv_features2d249.lib opencv_flann249.lib opencv_gpu249.lib opencv_highgui249.lib opencv_imgproc249.lib opencv_legacy249.lib opencv_ml249.lib opencv_nonfree249.lib opencv_objdetect249.lib opencv_photo249.lib opencv_stitching249.lib opencv_ts249.lib opencv_video249.lib opencv_videostab249.lib opencv_gpu249d.lib opencv_highgui249d.lib opencv_imgproc249d.lib opencv_legacy249d.lib opencv_ml249d.lib opencv_nonfree249d.lib opencv_objdetect249d.lib opencv_photo249d.lib opencv_stitching249d.lib opencv_ts249d.lib opencv_video249d.lib opencv_videostab249d.lib /MANIFEST /ManifestFile:"Debug\GrabCut.exe.intermediate.manifest" /MANIFESTUAC:"level='asInvoker' uiAccess='false'" /DEBUG /PDB:"C:\Users\xu\Documents\Visual Studio 2010\Projects\GrabCut\Debug\GrabCut.pdb" /SUBSYSTEM:CONSOLE /TLBID:1 /DYNAMICBASE /NXCOMPAT /IMPLIB:"C:\Users\xu\Documents\Visual Studio 2010\Projects\GrabCut\Debug\GrabCut.lib" /MACHINE:X86 Debug\GrabCut.exe.embed.manifest.res
         Debug\AGMM.obj
         Debug\CvvImage.obj
         Debug\Filter.obj
         Debug\Gabor.obj
         Debug\GMM.obj
         Debug\GMM_ex.obj
         Debug\GMM_Tensor.obj
         Debug\GrabCut.obj
         Debug\GrabCutTool.obj
         Debug\graph.obj
         Debug\Helper.obj
         Debug\ImageProcessing.obj
         Debug\Matrix.obj
         Debug\maxflow.obj
         Debug\stdafx.obj
         Debug\Tensor.obj
         Debug\Vector.obj
         Debug\Wavelet.obj
       Manifest:
         C:\Program Files (x86)\Microsoft SDKs\Windows\v7.0A\bin\mt.exe /nologo /verbose /out:"Debug\GrabCut.exe.embed.manifest" /manifest Debug\GrabCut.exe.intermediate.manifest "C:\Program Files (x86)\Microsoft Visual Studio 10.0\VC\Include\Manifest\dpiaware.manifest"
         所有输出均为最新。
       LinkEmbedManifest:
         所有输出均为最新。
         GrabCut.vcxproj -> C:\Users\xu\Documents\Visual Studio 2010\Projects\GrabCut\Debug\GrabCut.exe
       FinalizeBuildStatus:
         正在删除文件“Debug\GrabCut.unsuccessfulbuild”。
         正在对“Debug\GrabCut.lastbuildstate”执行 Touch 任务。
     1>已完成生成项目“C:\Users\xu\Documents\Visual Studio 2010\Projects\GrabCut\GrabCut\GrabCut.vcxproj”(build 个目标)的操作。

生成成功。

已用时间 00:00:05.14
